<?xml version="1.0" encoding="UTF-8"?>
<testng-results skipped="0" failed="0" ignored="0" total="1" passed="1">
  <reporter-output>
  </reporter-output>
  <suite name="test.java.demo1" duration-ms="18" started-at="2018-04-24T11:58:46Z" finished-at="2018-04-24T11:58:46Z">
    <groups>
    </groups>
    <test name="Command line test" duration-ms="18" started-at="2018-04-24T11:58:46Z" finished-at="2018-04-24T11:58:46Z">
      <class name="test.java.demo1">
        <test-method status="PASS" signature="testMethod()[pri:0, instance:test.java.demo1@7006c658]" name="testMethod" duration-ms="5" started-at="2018-04-24T17:28:46Z" finished-at="2018-04-24T17:28:46Z">
          <reporter-output>
          </reporter-output>
        </test-method> <!-- testMethod -->
      </class> <!-- test.java.demo1 -->
    </test> <!-- Command line test -->
  </suite> <!-- test.java.demo1 -->
</testng-results>
